TN:
SF:src/application/dtos/UserDTO.ts
FN:68,(anonymous_0)
FN:88,(anonymous_1)
FNF:2
FNH:2
FNDA:22,(anonymous_0)
FNDA:5,(anonymous_1)
DA:67,2
DA:69,22
DA:89,5
LF:3
LH:3
BRDA:83,0,0,1
BRDA:83,0,1,21
BRDA:83,1,0,22
BRDA:83,1,1,22
BRDA:83,2,0,21
BRDA:83,2,1,1
BRDA:83,3,0,22
BRDA:83,3,1,1
BRF:8
BRH:8
end_of_record
TN:
SF:src/application/use-cases/admin/CharityAccountUseCases.ts
FN:25,(anonymous_7)
FN:27,(anonymous_8)
FN:30,(anonymous_10)
FN:30,(anonymous_11)
FN:62,(anonymous_12)
FN:64,(anonymous_13)
FN:72,(anonymous_15)
FN:74,(anonymous_16)
FN:79,(anonymous_18)
FN:79,(anonymous_19)
FN:106,(anonymous_20)
FN:108,(anonymous_21)
FN:109,(anonymous_23)
FN:109,(anonymous_24)
FN:163,(anonymous_25)
FN:165,(anonymous_26)
FN:166,(anonymous_28)
FN:166,(anonymous_29)
FN:250,(anonymous_30)
FN:293,(anonymous_31)
FN:295,(anonymous_32)
FN:378,(anonymous_34)
FN:378,(anonymous_35)
FNF:23
FNH:9
FNDA:0,(anonymous_7)
FNDA:0,(anonymous_8)
FNDA:0,(anonymous_10)
FNDA:0,(anonymous_11)
FNDA:0,(anonymous_12)
FNDA:0,(anonymous_13)
FNDA:0,(anonymous_15)
FNDA:0,(anonymous_16)
FNDA:0,(anonymous_18)
FNDA:0,(anonymous_19)
FNDA:0,(anonymous_20)
FNDA:0,(anonymous_21)
FNDA:0,(anonymous_23)
FNDA:0,(anonymous_24)
FNDA:9,(anonymous_25)
FNDA:9,(anonymous_26)
FNDA:9,(anonymous_28)
FNDA:9,(anonymous_29)
FNDA:6,(anonymous_30)
FNDA:11,(anonymous_31)
FNDA:12,(anonymous_32)
FNDA:3,(anonymous_34)
FNDA:3,(anonymous_35)
DA:2,1
DA:9,1
DA:19,1
DA:20,1
DA:24,1
DA:25,0
DA:30,0
DA:32,0
DA:33,0
DA:34,0
DA:38,0
DA:39,0
DA:42,0
DA:47,0
DA:54,0
DA:61,1
DA:62,0
DA:65,0
DA:71,1
DA:72,0
DA:79,0
DA:80,0
DA:81,0
DA:84,0
DA:85,0
DA:88,0
DA:90,0
DA:98,0
DA:105,1
DA:106,0
DA:109,0
DA:110,0
DA:111,0
DA:113,0
DA:114,0
DA:115,0
DA:121,0
DA:123,0
DA:162,1
DA:163,9
DA:166,9
DA:167,9
DA:168,9
DA:169,8
DA:172,7
DA:173,1
DA:177,6
DA:181,2
DA:182,2
DA:187,1
DA:193,5
DA:204,5
DA:205,5
DA:209,5
DA:211,5
DA:224,5
DA:234,5
DA:246,5
DA:255,6
DA:262,6
DA:292,1
DA:293,11
DA:298,12
DA:299,12
DA:300,1
DA:304,11
DA:305,1
DA:313,10
DA:317,1
DA:323,9
DA:324,9
DA:325,1
DA:329,8
DA:330,1
DA:331,1
DA:336,1
DA:343,7
DA:344,1
DA:352,6
DA:359,6
DA:361,3
DA:367,3
DA:369,3
DA:373,3
DA:377,3
DA:378,3
DA:379,3
DA:384,3
DA:385,3
DA:392,3
DA:403,3
DA:415,3
DA:418,3
LF:93
LH:63
BRDA:33,0,0,0
BRDA:38,1,0,0
BRDA:81,2,0,0
BRDA:84,3,0,0
BRDA:111,4,0,0
BRDA:114,5,0,0
BRDA:168,6,0,1
BRDA:169,7,0,1
BRDA:172,8,0,1
BRDA:177,9,0,2
BRDA:178,10,0,6
BRDA:178,10,1,2
BRDA:182,11,0,1
BRDA:183,12,0,2
BRDA:183,12,1,2
BRDA:183,12,2,2
BRDA:257,13,0,6
BRDA:257,13,1,0
BRDA:257,14,0,6
BRDA:257,14,1,6
BRDA:268,15,0,6
BRDA:268,15,1,0
BRDA:268,16,0,6
BRDA:268,16,1,6
BRDA:299,17,0,1
BRDA:304,18,0,1
BRDA:313,19,0,1
BRDA:314,20,0,10
BRDA:314,20,1,9
BRDA:324,21,0,1
BRDA:329,22,0,1
BRDA:343,23,0,1
BRDA:359,24,0,3
BRDA:369,25,0,1
BRDA:369,25,1,2
BRF:35
BRH:27
end_of_record
TN:
SF:src/application/use-cases/admin/SystemConfigUseCases.ts
FN:11,(anonymous_7)
FN:13,(anonymous_8)
FN:17,(anonymous_10)
FN:21,(anonymous_12)
FN:31,(anonymous_14)
FN:33,(anonymous_15)
FN:59,(anonymous_17)
FNF:7
FNH:0
FNDA:0,(anonymous_7)
FNDA:0,(anonymous_8)
FNDA:0,(anonymous_10)
FNDA:0,(anonymous_12)
FNDA:0,(anonymous_14)
FNDA:0,(anonymous_15)
FNDA:0,(anonymous_17)
DA:2,0
DA:10,0
DA:11,0
DA:14,0
DA:18,0
DA:22,0
DA:28,0
DA:30,0
DA:31,0
DA:38,0
DA:39,0
DA:40,0
DA:45,0
DA:46,0
DA:47,0
DA:48,0
DA:49,0
DA:54,0
DA:56,0
DA:59,0
LF:20
LH:0
BRDA:39,0,0,0
BRDA:46,1,0,0
BRDA:48,2,0,0
BRDA:48,3,0,0
BRDA:48,3,1,0
BRF:5
BRH:0
end_of_record
TN:
SF:src/application/use-cases/mentor/MentorApplicationUseCases.ts
FN:26,(anonymous_7)
FN:28,(anonymous_8)
FN:29,(anonymous_10)
FN:29,(anonymous_11)
FN:85,(anonymous_12)
FN:87,(anonymous_13)
FN:95,(anonymous_15)
FN:97,(anonymous_16)
FN:102,(anonymous_18)
FN:102,(anonymous_19)
FN:162,(anonymous_20)
FN:164,(anonymous_21)
FN:173,(anonymous_23)
FN:173,(anonymous_24)
FNF:14
FNH:0
FNDA:0,(anonymous_7)
FNDA:0,(anonymous_8)
FNDA:0,(anonymous_10)
FNDA:0,(anonymous_11)
FNDA:0,(anonymous_12)
FNDA:0,(anonymous_13)
FNDA:0,(anonymous_15)
FNDA:0,(anonymous_16)
FNDA:0,(anonymous_18)
FNDA:0,(anonymous_19)
FNDA:0,(anonymous_20)
FNDA:0,(anonymous_21)
FNDA:0,(anonymous_23)
FNDA:0,(anonymous_24)
DA:2,0
DA:4,0
DA:5,0
DA:25,0
DA:26,0
DA:29,0
DA:30,0
DA:31,0
DA:33,0
DA:34,0
DA:37,0
DA:38,0
DA:41,0
DA:42,0
DA:46,0
DA:47,0
DA:48,0
DA:49,0
DA:51,0
DA:52,0
DA:54,0
DA:57,0
DA:61,0
DA:70,0
DA:77,0
DA:84,0
DA:85,0
DA:88,0
DA:94,0
DA:95,0
DA:102,0
DA:103,0
DA:104,0
DA:105,0
DA:106,0
DA:110,0
DA:118,0
DA:119,0
DA:121,0
DA:122,0
DA:125,0
DA:127,0
DA:128,0
DA:139,0
DA:142,0
DA:154,0
DA:161,0
DA:162,0
DA:169,0
DA:170,0
DA:173,0
DA:174,0
DA:175,0
DA:176,0
DA:177,0
DA:180,0
DA:187,0
DA:194,0
LF:58
LH:0
BRDA:31,0,0,0
BRDA:33,1,0,0
BRDA:37,2,0,0
BRDA:41,3,0,0
BRDA:47,4,0,0
BRDA:48,5,0,0
BRDA:51,6,0,0
BRDA:57,7,0,0
BRDA:57,7,1,0
BRDA:67,8,0,0
BRDA:67,8,1,0
BRDA:67,9,0,0
BRDA:67,9,1,0
BRDA:104,10,0,0
BRDA:105,11,0,0
BRDA:119,12,0,0
BRDA:127,13,0,0
BRDA:127,13,1,0
BRDA:169,14,0,0
BRDA:169,15,0,0
BRDA:169,15,1,0
BRDA:169,16,0,0
BRDA:169,16,1,0
BRDA:175,17,0,0
BRDA:176,18,0,0
BRF:25
BRH:0
end_of_record
TN:
SF:src/application/use-cases/mentor/MentorProfileUseCases.ts
FN:60,(anonymous_7)
FN:66,(anonymous_8)
FN:80,(anonymous_10)
FN:108,(anonymous_11)
FN:126,(anonymous_12)
FN:128,(anonymous_13)
FN:129,(anonymous_15)
FN:129,(anonymous_16)
FN:210,(anonymous_17)
FN:212,(anonymous_18)
FN:213,(anonymous_20)
FN:213,(anonymous_21)
FNF:12
FNH:0
FNDA:0,(anonymous_7)
FNDA:0,(anonymous_8)
FNDA:0,(anonymous_10)
FNDA:0,(anonymous_11)
FNDA:0,(anonymous_12)
FNDA:0,(anonymous_13)
FNDA:0,(anonymous_15)
FNDA:0,(anonymous_16)
FNDA:0,(anonymous_17)
FNDA:0,(anonymous_18)
FNDA:0,(anonymous_20)
FNDA:0,(anonymous_21)
DA:2,0
DA:59,0
DA:60,0
DA:67,0
DA:68,0
DA:69,0
DA:70,0
DA:73,0
DA:74,0
DA:76,0
DA:80,0
DA:87,0
DA:108,0
DA:125,0
DA:126,0
DA:129,0
DA:130,0
DA:131,0
DA:132,0
DA:133,0
DA:137,0
DA:138,0
DA:139,0
DA:140,0
DA:145,0
DA:148,0
DA:150,0
DA:152,0
DA:162,0
DA:163,0
DA:166,0
DA:167,0
DA:168,0
DA:169,0
DA:170,0
DA:171,0
DA:172,0
DA:173,0
DA:175,0
DA:176,0
DA:177,0
DA:179,0
DA:180,0
DA:183,0
DA:202,0
DA:209,0
DA:210,0
DA:213,0
DA:214,0
DA:215,0
DA:216,0
DA:217,0
DA:220,0
DA:221,0
DA:224,0
DA:225,0
DA:226,0
DA:227,0
DA:232,0
DA:234,0
LF:60
LH:0
BRDA:68,0,0,0
BRDA:69,1,0,0
BRDA:69,2,0,0
BRDA:69,2,1,0
BRDA:74,3,0,0
BRDA:76,4,0,0
BRDA:76,4,1,0
BRDA:80,5,0,0
BRDA:80,5,1,0
BRDA:80,6,0,0
BRDA:80,6,1,0
BRDA:92,7,0,0
BRDA:92,7,1,0
BRDA:92,8,0,0
BRDA:92,8,1,0
BRDA:97,9,0,0
BRDA:97,9,1,0
BRDA:98,10,0,0
BRDA:98,10,1,0
BRDA:102,11,0,0
BRDA:102,11,1,0
BRDA:102,12,0,0
BRDA:102,12,1,0
BRDA:103,13,0,0
BRDA:103,13,1,0
BRDA:103,14,0,0
BRDA:103,14,1,0
BRDA:104,15,0,0
BRDA:104,15,1,0
BRDA:104,16,0,0
BRDA:104,16,1,0
BRDA:108,17,0,0
BRDA:108,17,1,0
BRDA:108,18,0,0
BRDA:108,18,1,0
BRDA:111,19,0,0
BRDA:111,19,1,0
BRDA:111,20,0,0
BRDA:111,20,1,0
BRDA:131,21,0,0
BRDA:132,22,0,0
BRDA:132,23,0,0
BRDA:132,23,1,0
BRDA:137,24,0,0
BRDA:139,25,0,0
BRDA:139,26,0,0
BRDA:139,26,1,0
BRDA:150,27,0,0
BRDA:150,27,1,0
BRDA:154,28,0,0
BRDA:154,28,1,0
BRDA:154,29,0,0
BRDA:154,29,1,0
BRDA:155,30,0,0
BRDA:155,30,1,0
BRDA:156,31,0,0
BRDA:156,31,1,0
BRDA:156,32,0,0
BRDA:156,32,1,0
BRDA:157,33,0,0
BRDA:157,33,1,0
BRDA:157,34,0,0
BRDA:157,34,1,0
BRDA:158,35,0,0
BRDA:158,35,1,0
BRDA:158,36,0,0
BRDA:158,36,1,0
BRDA:159,37,0,0
BRDA:159,37,1,0
BRDA:159,38,0,0
BRDA:159,38,1,0
BRDA:160,39,0,0
BRDA:160,39,1,0
BRDA:160,40,0,0
BRDA:160,40,1,0
BRDA:167,41,0,0
BRDA:168,42,0,0
BRDA:169,43,0,0
BRDA:170,44,0,0
BRDA:171,45,0,0
BRDA:172,46,0,0
BRDA:173,47,0,0
BRDA:175,48,0,0
BRDA:176,49,0,0
BRDA:177,50,0,0
BRDA:185,51,0,0
BRDA:185,51,1,0
BRDA:186,52,0,0
BRDA:186,52,1,0
BRDA:199,53,0,0
BRDA:199,53,1,0
BRDA:199,54,0,0
BRDA:199,54,1,0
BRDA:215,55,0,0
BRDA:216,56,0,0
BRDA:216,57,0,0
BRDA:216,57,1,0
BRDA:221,58,0,0
BRDA:226,59,0,0
BRDA:226,60,0,0
BRDA:226,60,1,0
BRDA:238,61,0,0
BRDA:238,61,1,0
BRDA:238,62,0,0
BRDA:238,62,1,0
BRF:105
BRH:0
end_of_record
TN:
SF:src/application/use-cases/payment/PaymentUseCases.ts
FN:50,(anonymous_7)
FN:52,(anonymous_8)
FN:66,(anonymous_10)
FN:115,(anonymous_11)
FN:139,(anonymous_12)
FN:141,(anonymous_13)
FN:189,(anonymous_15)
FN:189,(anonymous_16)
FN:232,(anonymous_17)
FN:251,(anonymous_19)
FN:253,(anonymous_20)
FN:265,(anonymous_22)
FN:335,(anonymous_23)
FNF:13
FNH:9
FNDA:6,(anonymous_7)
FNDA:6,(anonymous_8)
FNDA:1,(anonymous_10)
FNDA:3,(anonymous_11)
FNDA:6,(anonymous_12)
FNDA:6,(anonymous_13)
FNDA:1,(anonymous_15)
FNDA:1,(anonymous_16)
FNDA:1,(anonymous_17)
FNDA:0,(anonymous_19)
FNDA:0,(anonymous_20)
FNDA:0,(anonymous_22)
FNDA:0,(anonymous_23)
DA:2,1
DA:4,1
DA:14,1
DA:15,1
DA:16,1
DA:49,1
DA:50,6
DA:53,6
DA:54,6
DA:56,5
DA:57,1
DA:61,4
DA:65,4
DA:66,1
DA:68,4
DA:69,1
DA:73,3
DA:80,3
DA:81,1
DA:87,2
DA:88,2
DA:89,2
DA:91,2
DA:92,2
DA:93,2
DA:96,2
DA:97,2
DA:100,2
DA:112,2
DA:116,3
DA:123,3
DA:138,1
DA:139,6
DA:142,6
DA:143,6
DA:144,1
DA:147,5
DA:148,1
DA:151,4
DA:152,0
DA:155,4
DA:156,1
DA:157,1
DA:161,3
DA:168,3
DA:170,2
DA:176,2
DA:178,2
DA:188,1
DA:189,1
DA:191,1
DA:197,1
DA:199,1
DA:206,1
DA:207,1
DA:210,1
DA:211,0
DA:212,0
DA:213,0
DA:215,0
DA:219,1
DA:222,1
DA:233,1
DA:234,1
DA:236,1
DA:237,1
DA:239,1
DA:250,1
DA:251,0
DA:254,0
DA:255,0
DA:256,0
DA:257,0
DA:258,0
DA:259,0
DA:263,0
DA:264,0
DA:265,0
DA:267,0
DA:268,0
DA:276,0
DA:278,0
DA:279,0
DA:282,0
DA:283,0
DA:284,0
DA:285,0
DA:286,0
DA:290,0
DA:291,0
DA:292,0
DA:295,0
DA:296,0
DA:297,0
DA:298,0
DA:299,0
DA:303,0
DA:304,0
DA:310,0
DA:315,0
DA:316,0
DA:317,0
DA:319,0
DA:332,0
DA:336,0
DA:343,0
LF:106
LH:63
BRDA:54,0,0,1
BRDA:56,1,0,1
BRDA:66,2,0,1
BRDA:66,2,1,1
BRDA:68,3,0,1
BRDA:80,4,0,1
BRDA:87,5,0,0
BRDA:87,5,1,2
BRDA:96,6,0,2
BRDA:118,7,0,3
BRDA:118,7,1,0
BRDA:118,8,0,3
BRDA:118,8,1,3
BRDA:129,9,0,3
BRDA:129,9,1,0
BRDA:129,10,0,3
BRDA:129,10,1,3
BRDA:143,11,0,1
BRDA:147,12,0,1
BRDA:151,13,0,0
BRDA:155,14,0,1
BRDA:168,15,0,2
BRDA:180,16,0,0
BRDA:180,16,1,2
BRDA:206,17,0,1
BRDA:210,18,0,0
BRDA:210,19,0,1
BRDA:210,19,1,0
BRDA:212,20,0,0
BRDA:212,21,0,0
BRDA:212,21,1,0
BRDA:212,22,0,0
BRDA:212,22,1,0
BRDA:225,23,0,1
BRDA:225,23,1,0
BRDA:234,24,0,0
BRDA:255,25,0,0
BRDA:256,26,0,0
BRDA:257,27,0,0
BRDA:258,28,0,0
BRDA:265,29,0,0
BRDA:265,29,1,0
BRDA:265,29,2,0
BRDA:267,30,0,0
BRDA:282,31,0,0
BRDA:282,32,0,0
BRDA:282,32,1,0
BRDA:282,33,0,0
BRDA:282,33,1,0
BRDA:284,34,0,0
BRDA:284,35,0,0
BRDA:284,35,1,0
BRDA:284,36,0,0
BRDA:284,36,1,0
BRDA:290,37,0,0
BRDA:290,38,0,0
BRDA:290,38,1,0
BRDA:290,39,0,0
BRDA:290,39,1,0
BRDA:290,40,0,0
BRDA:290,40,1,0
BRDA:292,41,0,0
BRDA:292,41,1,0
BRDA:292,42,0,0
BRDA:292,42,1,0
BRDA:295,43,0,0
BRDA:297,44,0,0
BRDA:303,45,0,0
BRDA:328,46,0,0
BRDA:328,46,1,0
BRDA:328,47,0,0
BRDA:328,47,1,0
BRDA:338,48,0,0
BRDA:338,48,1,0
BRDA:338,49,0,0
BRDA:338,49,1,0
BRDA:349,50,0,0
BRDA:349,50,1,0
BRDA:349,51,0,0
BRDA:349,51,1,0
BRF:80
BRH:22
end_of_record
TN:
SF:src/application/use-cases/report/ReportUseCases.ts
FN:18,(anonymous_7)
FN:20,(anonymous_8)
FN:25,(anonymous_10)
FN:25,(anonymous_11)
FN:75,(anonymous_12)
FN:77,(anonymous_13)
FN:85,(anonymous_15)
FN:87,(anonymous_16)
FN:97,(anonymous_18)
FN:97,(anonymous_19)
FNF:10
FNH:0
FNDA:0,(anonymous_7)
FNDA:0,(anonymous_8)
FNDA:0,(anonymous_10)
FNDA:0,(anonymous_11)
FNDA:0,(anonymous_12)
FNDA:0,(anonymous_13)
FNDA:0,(anonymous_15)
FNDA:0,(anonymous_16)
FNDA:0,(anonymous_18)
FNDA:0,(anonymous_19)
DA:2,0
DA:5,0
DA:17,0
DA:18,0
DA:21,0
DA:22,0
DA:25,0
DA:26,0
DA:27,0
DA:29,0
DA:30,0
DA:33,0
DA:34,0
DA:35,0
DA:36,0
DA:40,0
DA:43,0
DA:47,0
DA:51,0
DA:60,0
DA:67,0
DA:74,0
DA:75,0
DA:78,0
DA:84,0
DA:85,0
DA:93,0
DA:94,0
DA:97,0
DA:98,0
DA:99,0
DA:101,0
DA:103,0
DA:110,0
LF:34
LH:0
BRDA:21,0,0,0
BRDA:21,1,0,0
BRDA:21,1,1,0
BRDA:27,2,0,0
BRDA:30,3,0,0
BRDA:33,4,0,0
BRDA:35,5,0,0
BRDA:36,6,0,0
BRDA:37,7,0,0
BRDA:37,7,1,0
BRDA:43,8,0,0
BRDA:44,9,0,0
BRDA:44,9,1,0
BRDA:93,10,0,0
BRDA:93,11,0,0
BRDA:93,11,1,0
BRDA:93,12,0,0
BRDA:93,12,1,0
BRDA:99,13,0,0
BRF:19
BRH:0
end_of_record
TN:
SF:src/application/use-cases/session/SessionUseCases.ts
FN:29,(anonymous_7)
FN:31,(anonymous_8)
FN:32,(anonymous_10)
FN:32,(anonymous_11)
FN:141,(anonymous_12)
FN:143,(anonymous_13)
FN:144,(anonymous_15)
FN:144,(anonymous_16)
FN:169,(anonymous_17)
FN:171,(anonymous_18)
FN:172,(anonymous_20)
FN:172,(anonymous_21)
FN:223,(anonymous_22)
FN:225,(anonymous_23)
FN:226,(anonymous_25)
FN:226,(anonymous_26)
FN:255,(anonymous_27)
FN:257,(anonymous_28)
FN:262,(anonymous_30)
FN:262,(anonymous_31)
FN:297,(anonymous_32)
FN:299,(anonymous_33)
FN:300,(anonymous_35)
FN:300,(anonymous_36)
FN:350,(anonymous_37)
FN:352,(anonymous_38)
FN:355,(anonymous_40)
FN:355,(anonymous_41)
FN:391,(anonymous_42)
FN:393,(anonymous_43)
FN:394,(anonymous_45)
FN:394,(anonymous_46)
FN:447,(anonymous_47)
FN:449,(anonymous_48)
FN:466,(anonymous_50)
FN:468,(anonymous_51)
FN:472,(anonymous_53)
FN:476,(anonymous_55)
FNF:38
FNH:30
FNDA:5,(anonymous_7)
FNDA:5,(anonymous_8)
FNDA:5,(anonymous_10)
FNDA:5,(anonymous_11)
FNDA:3,(anonymous_12)
FNDA:3,(anonymous_13)
FNDA:3,(anonymous_15)
FNDA:3,(anonymous_16)
FNDA:4,(anonymous_17)
FNDA:4,(anonymous_18)
FNDA:4,(anonymous_20)
FNDA:4,(anonymous_21)
FNDA:3,(anonymous_22)
FNDA:3,(anonymous_23)
FNDA:3,(anonymous_25)
FNDA:3,(anonymous_26)
FNDA:0,(anonymous_27)
FNDA:0,(anonymous_28)
FNDA:0,(anonymous_30)
FNDA:0,(anonymous_31)
FNDA:0,(anonymous_32)
FNDA:0,(anonymous_33)
FNDA:0,(anonymous_35)
FNDA:0,(anonymous_36)
FNDA:5,(anonymous_37)
FNDA:5,(anonymous_38)
FNDA:3,(anonymous_40)
FNDA:3,(anonymous_41)
FNDA:4,(anonymous_42)
FNDA:4,(anonymous_43)
FNDA:4,(anonymous_45)
FNDA:4,(anonymous_46)
FNDA:2,(anonymous_47)
FNDA:2,(anonymous_48)
FNDA:4,(anonymous_50)
FNDA:1,(anonymous_51)
FNDA:2,(anonymous_53)
FNDA:1,(anonymous_55)
DA:2,2
DA:4,2
DA:11,2
DA:12,2
DA:28,2
DA:29,5
DA:32,5
DA:34,5
DA:35,5
DA:38,5
DA:39,5
DA:40,1
DA:44,4
DA:45,4
DA:46,3
DA:47,1
DA:51,2
DA:57,2
DA:58,2
DA:63,2
DA:64,1
DA:68,1
DA:69,0
DA:73,1
DA:74,1
DA:75,0
DA:82,1
DA:83,1
DA:84,1
DA:85,0
DA:92,1
DA:93,1
DA:94,1
DA:95,0
DA:101,1
DA:106,1
DA:107,0
DA:111,1
DA:112,1
DA:126,1
DA:133,1
DA:140,2
DA:141,3
DA:144,3
DA:145,3
DA:146,3
DA:148,3
DA:149,1
DA:152,2
DA:153,1
DA:156,1
DA:158,1
DA:168,2
DA:169,4
DA:172,4
DA:173,4
DA:174,4
DA:176,4
DA:177,4
DA:179,4
DA:180,1
DA:183,3
DA:188,1
DA:192,2
DA:196,2
DA:197,2
DA:198,2
DA:201,2
DA:207,2
DA:208,0
DA:209,0
DA:217,2
DA:222,2
DA:223,3
DA:226,3
DA:227,3
DA:228,3
DA:230,3
DA:231,1
DA:234,2
DA:235,0
DA:238,2
DA:239,2
DA:243,2
DA:244,1
DA:247,2
DA:254,2
DA:255,0
DA:262,0
DA:263,0
DA:264,0
DA:266,0
DA:267,0
DA:269,0
DA:270,0
DA:273,0
DA:277,0
DA:280,0
DA:282,0
DA:283,0
DA:284,0
DA:285,0
DA:289,0
DA:296,2
DA:297,0
DA:300,0
DA:301,0
DA:302,0
DA:304,0
DA:305,0
DA:308,0
DA:312,0
DA:315,0
DA:316,0
DA:317,0
DA:321,0
DA:322,0
DA:324,0
DA:327,0
DA:333,0
DA:335,0
DA:342,0
DA:349,2
DA:350,5
DA:353,5
DA:355,3
DA:356,3
DA:357,3
DA:358,3
DA:359,2
DA:360,1
DA:362,1
DA:363,0
DA:366,1
DA:369,1
DA:371,1
DA:390,2
DA:391,4
DA:394,4
DA:395,4
DA:396,4
DA:398,3
DA:399,1
DA:402,2
DA:404,1
DA:405,1
DA:406,0
DA:407,0
DA:409,0
DA:410,0
DA:412,0
DA:415,1
DA:416,1
DA:425,1
DA:432,1
DA:446,2
DA:447,2
DA:450,2
DA:451,2
DA:452,2
DA:454,2
DA:459,2
DA:465,2
DA:466,4
DA:469,1
DA:473,2
DA:477,1
LF:167
LH:119
BRDA:35,0,0,0
BRDA:39,1,0,1
BRDA:45,2,0,1
BRDA:46,3,0,1
BRDA:46,4,0,3
BRDA:46,4,1,1
BRDA:58,5,0,1
BRDA:58,5,1,1
BRDA:58,6,0,2
BRDA:58,6,1,2
BRDA:58,7,0,1
BRDA:58,7,1,1
BRDA:58,8,0,2
BRDA:58,8,1,2
BRDA:63,9,0,1
BRDA:63,10,0,2
BRDA:63,10,1,1
BRDA:68,11,0,0
BRDA:68,12,0,1
BRDA:68,12,1,0
BRDA:68,12,2,0
BRDA:74,13,0,0
BRDA:84,14,0,0
BRDA:92,15,0,0
BRDA:92,15,1,1
BRDA:92,16,0,1
BRDA:92,16,1,1
BRDA:94,17,0,0
BRDA:106,18,0,0
BRDA:146,19,0,0
BRDA:148,20,0,1
BRDA:152,21,0,1
BRDA:156,22,0,1
BRDA:156,22,1,1
BRDA:160,23,0,1
BRDA:160,23,1,0
BRDA:160,24,0,1
BRDA:160,24,1,1
BRDA:174,25,0,0
BRDA:179,26,0,1
BRDA:179,27,0,4
BRDA:179,27,1,2
BRDA:183,28,0,1
BRDA:184,29,0,3
BRDA:184,29,1,2
BRDA:184,29,2,2
BRDA:207,30,0,0
BRDA:228,31,0,0
BRDA:230,32,0,1
BRDA:234,33,0,0
BRDA:234,34,0,2
BRDA:234,34,1,0
BRDA:238,35,0,1
BRDA:238,35,1,1
BRDA:243,36,0,1
BRDA:264,37,0,0
BRDA:269,38,0,0
BRDA:269,39,0,0
BRDA:269,39,1,0
BRDA:273,40,0,0
BRDA:274,41,0,0
BRDA:274,41,1,0
BRDA:280,42,0,0
BRDA:280,42,1,0
BRDA:282,43,0,0
BRDA:282,44,0,0
BRDA:282,44,1,0
BRDA:284,45,0,0
BRDA:302,46,0,0
BRDA:304,47,0,0
BRDA:308,48,0,0
BRDA:309,49,0,0
BRDA:309,49,1,0
BRDA:316,50,0,0
BRDA:321,51,0,0
BRDA:321,51,1,0
BRDA:353,52,0,2
BRDA:353,53,0,5
BRDA:353,53,1,4
BRDA:357,54,0,0
BRDA:358,55,0,1
BRDA:359,56,0,1
BRDA:362,57,0,0
BRDA:396,58,0,1
BRDA:398,59,0,1
BRDA:402,60,0,1
BRDA:405,61,0,0
BRDA:406,62,0,0
BRDA:409,63,0,0
BRDA:415,64,0,0
BRDA:415,64,1,1
BRDA:451,65,0,1
BRDA:451,65,1,1
BRDA:451,66,0,2
BRDA:451,66,1,2
BRDA:452,67,0,1
BRDA:452,67,1,1
BRDA:452,68,0,2
BRDA:452,68,1,2
BRF:99
BRH:56
end_of_record
TN:
SF:src/application/use-cases/stats/StatsUseCases.ts
FN:7,(anonymous_7)
FN:9,(anonymous_8)
FN:20,(anonymous_10)
FN:22,(anonymous_11)
FNF:4
FNH:0
FNDA:0,(anonymous_7)
FNDA:0,(anonymous_8)
FNDA:0,(anonymous_10)
FNDA:0,(anonymous_11)
DA:6,0
DA:7,0
DA:10,0
DA:11,0
DA:13,0
DA:19,0
DA:20,0
DA:23,0
DA:24,0
DA:25,0
DA:26,0
DA:29,0
LF:12
LH:0
BRDA:11,0,0,0
BRDA:24,1,0,0
BRDA:25,2,0,0
BRDA:25,3,0,0
BRDA:25,3,1,0
BRF:5
BRH:0
end_of_record
TN:
SF:src/application/use-cases/user/UserUseCases.ts
FN:19,(anonymous_7)
FN:21,(anonymous_8)
FN:22,(anonymous_10)
FN:22,(anonymous_11)
FN:80,(anonymous_12)
FN:82,(anonymous_13)
FN:87,(anonymous_15)
FN:96,(anonymous_17)
FN:98,(anonymous_18)
FN:122,(anonymous_20)
FN:124,(anonymous_21)
FN:125,(anonymous_23)
FN:125,(anonymous_24)
FN:163,(anonymous_25)
FN:165,(anonymous_26)
FN:166,(anonymous_28)
FN:166,(anonymous_29)
FN:194,(anonymous_30)
FN:196,(anonymous_31)
FN:197,(anonymous_33)
FN:197,(anonymous_34)
FNF:21
FNH:21
FNDA:3,(anonymous_7)
FNDA:3,(anonymous_8)
FNDA:3,(anonymous_10)
FNDA:3,(anonymous_11)
FNDA:3,(anonymous_12)
FNDA:2,(anonymous_13)
FNDA:1,(anonymous_15)
FNDA:3,(anonymous_17)
FNDA:3,(anonymous_18)
FNDA:4,(anonymous_20)
FNDA:4,(anonymous_21)
FNDA:4,(anonymous_23)
FNDA:4,(anonymous_24)
FNDA:2,(anonymous_25)
FNDA:2,(anonymous_26)
FNDA:2,(anonymous_28)
FNDA:2,(anonymous_29)
FNDA:4,(anonymous_30)
FNDA:4,(anonymous_31)
FNDA:4,(anonymous_33)
FNDA:4,(anonymous_34)
DA:2,1
DA:10,1
DA:11,1
DA:12,1
DA:18,1
DA:19,3
DA:22,3
DA:23,3
DA:25,3
DA:28,1
DA:31,1
DA:32,0
DA:36,0
DA:38,0
DA:46,0
DA:49,1
DA:53,2
DA:63,2
DA:65,2
DA:72,2
DA:79,1
DA:80,3
DA:83,2
DA:84,2
DA:88,1
DA:89,1
DA:95,1
DA:96,3
DA:101,3
DA:102,3
DA:103,3
DA:105,3
DA:110,3
DA:121,1
DA:122,4
DA:125,4
DA:126,4
DA:127,4
DA:129,3
DA:130,3
DA:131,1
DA:134,2
DA:137,2
DA:138,2
DA:139,0
DA:140,0
DA:142,0
DA:145,2
DA:147,2
DA:155,2
DA:162,1
DA:163,2
DA:166,2
DA:167,2
DA:168,2
DA:170,1
DA:171,1
DA:176,1
DA:178,1
DA:186,1
DA:193,1
DA:194,4
DA:197,4
DA:198,4
DA:199,4
DA:201,3
DA:202,3
DA:203,1
DA:206,2
DA:208,2
LF:70
LH:63
BRDA:25,0,0,1
BRDA:28,1,0,1
BRDA:28,1,1,0
BRDA:28,1,2,1
BRDA:28,1,3,0
BRDA:31,2,0,0
BRDA:33,3,0,0
BRDA:33,3,1,0
BRDA:33,4,0,0
BRDA:33,4,1,0
BRDA:84,5,0,1
BRDA:84,5,1,1
BRDA:89,6,0,1
BRDA:89,6,1,0
BRDA:101,7,0,2
BRDA:101,7,1,1
BRDA:101,8,0,3
BRDA:101,8,1,3
BRDA:102,9,0,2
BRDA:102,9,1,1
BRDA:102,10,0,3
BRDA:102,10,1,3
BRDA:127,11,0,1
BRDA:130,12,0,1
BRDA:130,13,0,3
BRDA:130,13,1,3
BRDA:137,14,0,2
BRDA:137,14,1,0
BRDA:139,15,0,0
BRDA:139,15,1,0
BRDA:168,16,0,1
BRDA:199,17,0,1
BRDA:202,18,0,1
BRDA:202,19,0,3
BRDA:202,19,1,3
BRF:35
BRH:24
end_of_record
TN:
SF:src/domain/entities/User.ts
FN:41,(anonymous_0)
FN:58,(anonymous_1)
FN:76,(anonymous_2)
FN:86,(anonymous_3)
FN:87,(anonymous_4)
FN:88,(anonymous_5)
FN:89,(anonymous_6)
FN:90,(anonymous_7)
FN:91,(anonymous_8)
FN:92,(anonymous_9)
FN:96,(anonymous_10)
FN:100,(anonymous_11)
FN:104,(anonymous_12)
FN:108,(anonymous_13)
FN:112,(anonymous_14)
FN:137,(anonymous_15)
FN:162,(anonymous_16)
FN:186,(anonymous_17)
FN:207,(anonymous_18)
FN:228,(anonymous_19)
FN:254,(anonymous_20)
FNF:21
FNH:21
FNDA:148,(anonymous_0)
FNDA:99,(anonymous_1)
FNDA:50,(anonymous_2)
FNDA:29,(anonymous_3)
FNDA:34,(anonymous_4)
FNDA:26,(anonymous_5)
FNDA:40,(anonymous_6)
FNDA:42,(anonymous_7)
FNDA:33,(anonymous_8)
FNDA:31,(anonymous_9)
FNDA:26,(anonymous_10)
FNDA:6,(anonymous_11)
FNDA:1,(anonymous_12)
FNDA:3,(anonymous_13)
FNDA:12,(anonymous_14)
FNDA:4,(anonymous_15)
FNDA:9,(anonymous_16)
FNDA:4,(anonymous_17)
FNDA:5,(anonymous_18)
FNDA:11,(anonymous_19)
FNDA:43,(anonymous_20)
DA:1,10
DA:2,10
DA:3,10
DA:4,10
DA:32,10
DA:46,148
DA:47,148
DA:48,148
DA:49,148
DA:50,148
DA:51,148
DA:52,148
DA:53,148
DA:59,99
DA:61,99
DA:81,50
DA:86,29
DA:87,34
DA:88,26
DA:89,40
DA:90,42
DA:91,33
DA:92,31
DA:97,26
DA:101,6
DA:105,1
DA:109,3
DA:113,12
DA:114,1
DA:117,11
DA:138,4
DA:139,1
DA:142,3
DA:166,9
DA:187,4
DA:208,5
DA:229,11
DA:255,43
LF:38
LH:38
BRDA:65,0,0,91
BRDA:65,0,1,7
BRDA:65,1,0,98
BRDA:65,1,1,97
BRDA:66,2,0,0
BRDA:66,2,1,98
BRDA:66,3,0,98
BRDA:66,3,1,6
BRDA:67,4,0,94
BRDA:67,4,1,4
BRDA:67,5,0,98
BRDA:67,5,1,98
BRDA:68,6,0,94
BRDA:68,6,1,4
BRDA:68,7,0,98
BRDA:68,7,1,98
BRDA:69,8,0,2
BRDA:69,8,1,96
BRDA:69,9,0,98
BRDA:69,9,1,97
BRDA:70,10,0,2
BRDA:70,10,1,96
BRDA:70,11,0,98
BRDA:70,11,1,97
BRDA:109,12,0,3
BRDA:109,12,1,2
BRDA:113,13,0,1
BRDA:131,14,0,11
BRDA:131,14,1,0
BRDA:131,15,0,11
BRDA:131,15,1,11
BRDA:138,16,0,1
BRDA:156,17,0,3
BRDA:156,17,1,0
BRDA:156,18,0,3
BRDA:156,18,1,3
BRDA:170,19,0,5
BRDA:170,19,1,4
BRDA:170,20,0,9
BRDA:170,20,1,9
BRDA:174,21,0,5
BRDA:174,21,1,4
BRDA:174,22,0,9
BRDA:174,22,1,9
BRDA:175,23,0,1
BRDA:175,23,1,8
BRDA:175,24,0,9
BRDA:175,24,1,9
BRDA:180,25,0,3
BRDA:180,25,1,6
BRDA:180,26,0,9
BRDA:180,26,1,9
BRDA:201,27,0,3
BRDA:201,27,1,1
BRDA:201,28,0,4
BRDA:201,28,1,4
BRDA:222,29,0,5
BRDA:222,29,1,0
BRDA:222,30,0,5
BRDA:222,30,1,5
BRDA:243,31,0,11
BRDA:243,31,1,0
BRDA:243,32,0,11
BRDA:243,32,1,11
BRDA:245,33,0,11
BRDA:245,33,1,0
BRDA:245,34,0,11
BRDA:245,34,1,11
BRF:68
BRH:62
end_of_record
TN:
SF:src/domain/entities/base/AuditableEntity.ts
FN:7,(anonymous_0)
FN:11,(anonymous_1)
FN:54,(anonymous_2)
FN:66,(anonymous_3)
FN:73,(anonymous_4)
FNF:5
FNH:5
FNDA:156,(anonymous_0)
FNDA:3,(anonymous_1)
FNDA:156,(anonymous_2)
FNDA:7,(anonymous_3)
FNDA:111,(anonymous_4)
DA:4,11
DA:8,156
DA:12,3
DA:13,2
DA:39,11
DA:55,156
DA:56,156
DA:57,156
DA:58,156
DA:59,156
DA:60,156
DA:61,156
DA:62,156
DA:63,156
DA:67,7
DA:74,111
DA:75,111
LF:17
LH:17
BRDA:12,0,0,1
BRDA:78,1,0,96
BRDA:78,1,1,15
BRDA:78,2,0,111
BRDA:78,2,1,111
BRDA:79,3,0,96
BRDA:79,3,1,15
BRDA:79,4,0,111
BRDA:79,4,1,111
BRF:9
BRH:9
end_of_record
TN:
SF:src/domain/events/DomainEvents.ts
FN:9,(anonymous_7)
FN:20,(anonymous_8)
FN:22,(anonymous_9)
FN:32,(anonymous_10)
FN:34,(anonymous_11)
FN:45,(anonymous_12)
FN:47,(anonymous_13)
FN:59,(anonymous_14)
FN:62,(anonymous_15)
FN:67,(anonymous_16)
FN:69,(anonymous_18)
FNF:11
FNH:11
FNDA:11,(anonymous_7)
FNDA:3,(anonymous_8)
FNDA:4,(anonymous_9)
FNDA:2,(anonymous_10)
FNDA:2,(anonymous_11)
FNDA:2,(anonymous_12)
FNDA:2,(anonymous_13)
FNDA:1,(anonymous_14)
FNDA:4,(anonymous_15)
FNDA:4,(anonymous_16)
FNDA:5,(anonymous_18)
DA:5,1
DA:10,11
DA:11,11
DA:19,1
DA:20,3
DA:23,4
DA:24,4
DA:25,4
DA:27,4
DA:31,1
DA:32,2
DA:35,2
DA:36,2
DA:37,2
DA:38,2
DA:40,2
DA:44,1
DA:45,2
DA:48,2
DA:49,2
DA:51,2
DA:60,1
DA:63,4
DA:64,4
DA:68,4
DA:69,5
DA:73,1
LF:27
LH:27
BRDA:63,0,0,2
BRDA:63,0,1,2
BRDA:63,1,0,4
BRDA:63,1,1,4
BRDA:68,2,0,3
BRDA:68,2,1,1
BRDA:68,3,0,4
BRDA:68,3,1,4
BRF:8
BRH:8
end_of_record
TN:
SF:src/domain/repositories/ISystemConfigRepository.ts
FNF:0
FNH:0
DA:14,4
LF:1
LH:1
BRF:0
BRH:0
end_of_record
TN:
SF:src/domain/value-objects/BookingPolicy.ts
FN:15,(anonymous_0)
FN:15,(anonymous_1)
FN:15,(anonymous_2)
FN:35,validateBookingEligibility
FNF:4
FNH:3
FNDA:1,(anonymous_0)
FNDA:1,(anonymous_1)
FNDA:0,(anonymous_2)
FNDA:8,validateBookingEligibility
DA:8,1
DA:13,1
DA:15,2
DA:35,1
DA:45,8
DA:46,8
DA:47,8
DA:48,8
DA:52,8
DA:53,1
DA:57,8
DA:58,1
DA:62,8
DA:63,8
DA:64,2
DA:68,8
DA:69,8
DA:70,1
DA:74,8
DA:75,3
DA:78,8
LF:21
LH:21
BRDA:46,0,0,8
BRDA:46,0,1,0
BRDA:46,1,0,8
BRDA:46,1,1,8
BRDA:47,2,0,1
BRDA:47,2,1,7
BRDA:47,3,0,8
BRDA:47,3,1,8
BRDA:48,4,0,0
BRDA:48,4,1,8
BRDA:48,5,0,8
BRDA:48,5,1,8
BRDA:52,6,0,1
BRDA:52,7,0,8
BRDA:52,7,1,2
BRDA:57,8,0,1
BRDA:63,9,0,2
BRDA:69,10,0,1
BRDA:74,11,0,3
BRF:19
BRH:17
end_of_record
TN:
SF:src/domain/value-objects/CancellationPolicy.ts
FN:16,evaluateCancellation
FNF:1
FNH:1
FNDA:3,evaluateCancellation
DA:1,1
DA:9,1
DA:16,1
DA:20,3
DA:21,1
DA:28,2
DA:30,2
DA:31,1
DA:38,1
LF:9
LH:9
BRDA:18,0,0,0
BRDA:20,1,0,1
BRDA:30,2,0,1
BRF:3
BRH:2
end_of_record
TN:
SF:src/domain/value-objects/Email.ts
FN:6,(anonymous_0)
FN:10,(anonymous_1)
FN:18,(anonymous_2)
FN:22,(anonymous_3)
FN:26,(anonymous_4)
FN:30,(anonymous_5)
FNF:6
FNH:6
FNDA:113,(anonymous_0)
FNDA:118,(anonymous_1)
FNDA:124,(anonymous_2)
FNDA:31,(anonymous_3)
FNDA:3,(anonymous_4)
FNDA:2,(anonymous_5)
DA:3,11
DA:7,113
DA:11,118
DA:12,118
DA:13,5
DA:15,113
DA:19,124
DA:23,31
DA:27,3
DA:31,2
LF:10
LH:10
BRDA:12,0,0,5
BRF:1
BRH:1
end_of_record
TN:
SF:src/domain/value-objects/Payment.ts
FN:3,(anonymous_0)
FN:17,(anonymous_1)
FN:45,generateShortCode
FN:48,(anonymous_3)
FN:52,buildTransactionContent
FN:63,parseTransactionContent
FN:118,buildVietQRUrl
FN:135,(anonymous_7)
FN:167,(anonymous_8)
FN:181,(anonymous_9)
FN:188,(anonymous_10)
FN:204,(anonymous_11)
FNF:12
FNH:12
FNDA:15,(anonymous_0)
FNDA:15,(anonymous_1)
FNDA:182,generateShortCode
FNDA:1388,(anonymous_3)
FNDA:16,buildTransactionContent
FNDA:12,parseTransactionContent
FNDA:16,buildVietQRUrl
FNDA:15,(anonymous_7)
FNDA:15,(anonymous_8)
FNDA:15,(anonymous_9)
FNDA:15,(anonymous_10)
FNDA:15,(anonymous_11)
DA:3,15
DA:4,15
DA:5,15
DA:6,15
DA:9,15
DA:17,15
DA:18,15
DA:19,15
DA:20,15
DA:21,15
DA:24,15
DA:31,15
DA:43,15
DA:45,15
DA:46,182
DA:48,1388
DA:52,15
DA:57,16
DA:58,10
DA:59,4
DA:60,16
DA:63,15
DA:68,12
DA:70,12
DA:71,2
DA:74,10
DA:75,10
DA:76,4
DA:83,6
DA:84,6
DA:85,3
DA:92,3
DA:93,3
DA:94,2
DA:101,1
DA:108,15
DA:118,15
DA:125,16
DA:127,16
DA:130,16
DA:135,15
DA:136,15
DA:137,15
DA:138,15
DA:139,15
DA:140,15
DA:141,15
DA:142,15
DA:145,15
DA:155,15
DA:167,15
DA:168,15
DA:169,15
DA:170,15
DA:173,15
DA:181,15
DA:182,15
DA:183,15
DA:184,15
DA:185,15
DA:188,15
DA:189,15
DA:190,15
DA:191,15
DA:192,15
DA:195,15
DA:204,15
DA:205,15
DA:206,15
DA:207,15
DA:208,15
DA:211,15
DA:227,15
DA:228,15
DA:229,15
DA:230,15
DA:231,15
DA:232,15
DA:233,15
LF:79
LH:79
BRDA:3,0,0,15
BRDA:3,0,1,15
BRDA:17,1,0,15
BRDA:17,1,1,15
BRDA:45,2,0,1
BRDA:57,3,0,6
BRDA:57,3,1,10
BRDA:58,4,0,6
BRDA:58,4,1,4
BRDA:70,5,0,2
BRDA:75,6,0,4
BRDA:84,7,0,3
BRDA:93,8,0,2
BRDA:123,9,0,15
BRDA:135,10,0,15
BRDA:135,10,1,15
BRDA:167,11,0,15
BRDA:167,11,1,15
BRDA:181,12,0,15
BRDA:181,12,1,15
BRDA:188,13,0,15
BRDA:188,13,1,15
BRDA:204,14,0,15
BRDA:204,14,1,15
BRF:24
BRH:24
end_of_record
TN:
SF:src/domain/value-objects/UserRole.ts
FN:3,(anonymous_0)
FN:21,isValidRole
FNF:2
FNH:2
FNDA:11,(anonymous_0)
FNDA:6,isValidRole
DA:3,11
DA:4,11
DA:5,11
DA:6,11
DA:9,11
DA:15,11
DA:21,11
DA:22,6
LF:8
LH:8
BRDA:3,0,0,11
BRDA:3,0,1,11
BRF:2
BRH:2
end_of_record
TN:
SF:src/domain/value-objects/UserStatus.ts
FN:1,(anonymous_0)
FNF:1
FNH:1
FNDA:12,(anonymous_0)
DA:1,12
DA:2,12
DA:3,12
DA:4,12
DA:5,12
DA:8,12
DA:15,12
LF:7
LH:7
BRDA:1,0,0,12
BRDA:1,0,1,12
BRF:2
BRH:2
end_of_record
TN:
SF:src/infrastructure/database/repositories/PrismaCharityAccountRepository.ts
FN:16,(anonymous_7)
FN:18,(anonymous_8)
FN:44,(anonymous_9)
FN:49,(anonymous_11)
FN:54,(anonymous_13)
FN:63,(anonymous_15)
FN:66,(anonymous_16)
FN:73,(anonymous_18)
FN:92,(anonymous_20)
FN:105,(anonymous_22)
FN:112,(anonymous_24)
FN:122,(anonymous_26)
FN:133,(anonymous_28)
FN:140,(anonymous_30)
FNF:14
FNH:14
FNDA:25,(anonymous_7)
FNDA:15,(anonymous_8)
FNDA:7,(anonymous_9)
FNDA:2,(anonymous_11)
FNDA:4,(anonymous_13)
FNDA:3,(anonymous_15)
FNDA:2,(anonymous_16)
FNDA:2,(anonymous_18)
FNDA:2,(anonymous_20)
FNDA:1,(anonymous_22)
FNDA:3,(anonymous_24)
FNDA:5,(anonymous_26)
FNDA:1,(anonymous_28)
FNDA:2,(anonymous_30)
DA:8,2
DA:11,2
DA:15,2
DA:16,25
DA:19,15
DA:45,7
DA:46,7
DA:50,2
DA:51,2
DA:55,4
DA:56,4
DA:57,4
DA:59,4
DA:63,4
DA:67,2
DA:70,2
DA:74,2
DA:89,2
DA:93,2
DA:94,2
DA:95,2
DA:96,2
DA:97,2
DA:98,2
DA:99,2
DA:101,2
DA:102,2
DA:106,1
DA:113,3
DA:114,3
DA:115,1
DA:119,2
DA:123,5
DA:124,5
DA:126,3
DA:130,3
DA:134,1
DA:151,2
DA:155,2
DA:156,2
DA:157,2
DA:158,2
DA:159,2
DA:161,2
DA:162,2
LF:45
LH:45
BRDA:35,0,0,15
BRDA:35,0,1,0
BRDA:35,1,0,15
BRDA:35,1,1,15
BRDA:36,2,0,0
BRDA:36,2,1,15
BRDA:36,3,0,15
BRDA:36,3,1,0
BRDA:37,4,0,0
BRDA:37,4,1,15
BRDA:37,5,0,15
BRDA:37,5,1,0
BRDA:38,6,0,0
BRDA:38,6,1,15
BRDA:38,7,0,15
BRDA:38,7,1,0
BRDA:39,8,0,0
BRDA:39,8,1,15
BRDA:39,9,0,15
BRDA:39,9,1,0
BRDA:40,10,0,0
BRDA:40,10,1,15
BRDA:40,11,0,15
BRDA:40,11,1,0
BRDA:46,12,0,4
BRDA:46,12,1,3
BRDA:51,13,0,1
BRDA:51,13,1,1
BRDA:56,14,0,3
BRDA:56,15,0,2
BRDA:56,15,1,2
BRDA:56,16,0,4
BRDA:56,16,1,4
BRDA:57,17,0,1
BRDA:57,18,0,2
BRDA:57,18,1,2
BRDA:57,19,0,4
BRDA:57,19,1,4
BRDA:70,20,0,1
BRDA:70,20,1,1
BRDA:79,21,0,1
BRDA:79,21,1,1
BRDA:79,22,0,2
BRDA:79,22,1,2
BRDA:80,23,0,0
BRDA:80,23,1,2
BRDA:80,24,0,2
BRDA:80,24,1,2
BRDA:81,25,0,0
BRDA:81,25,1,2
BRDA:81,26,0,2
BRDA:81,26,1,2
BRDA:83,27,0,1
BRDA:83,27,1,1
BRDA:83,28,0,2
BRDA:83,28,1,2
BRDA:85,29,0,1
BRDA:85,29,1,1
BRDA:85,30,0,2
BRDA:85,30,1,2
BRDA:94,31,0,1
BRDA:95,32,0,0
BRDA:96,33,0,0
BRDA:97,34,0,0
BRDA:98,35,0,1
BRDA:99,36,0,0
BRDA:114,37,0,1
BRDA:124,38,0,2
BRDA:155,39,0,1
BRDA:155,40,0,1
BRDA:155,40,1,1
BRDA:155,41,0,2
BRDA:155,41,1,2
BRDA:156,42,0,1
BRDA:156,43,0,1
BRDA:156,43,1,1
BRDA:156,44,0,2
BRDA:156,44,1,2
BRDA:157,45,0,1
BRDA:157,46,0,1
BRDA:157,46,1,1
BRDA:157,47,0,2
BRDA:157,47,1,2
BRDA:158,48,0,1
BRDA:158,49,0,1
BRDA:158,49,1,1
BRDA:158,50,0,2
BRDA:158,50,1,2
BRDA:159,51,0,1
BRDA:159,52,0,1
BRDA:159,52,1,1
BRDA:159,53,0,2
BRDA:159,53,1,2
BRF:93
BRH:76
end_of_record
TN:
SF:src/infrastructure/database/repositories/PrismaMentorApplicationRepository.ts
FN:15,(anonymous_7)
FN:17,(anonymous_8)
FN:43,(anonymous_9)
FN:51,(anonymous_11)
FN:59,(anonymous_13)
FN:79,(anonymous_15)
FN:84,(anonymous_16)
FN:101,(anonymous_18)
FNF:8
FNH:8
FNDA:15,(anonymous_7)
FNDA:8,(anonymous_8)
FNDA:2,(anonymous_9)
FNDA:2,(anonymous_11)
FNDA:4,(anonymous_13)
FNDA:1,(anonymous_15)
FNDA:3,(anonymous_16)
FNDA:2,(anonymous_18)
DA:10,2
DA:14,2
DA:15,15
DA:18,8
DA:44,2
DA:48,2
DA:52,2
DA:56,2
DA:63,4
DA:64,4
DA:65,4
DA:67,4
DA:78,4
DA:79,1
DA:85,3
DA:98,3
DA:107,2
DA:118,2
LF:18
LH:18
BRDA:32,0,0,8
BRDA:32,0,1,0
BRDA:48,1,0,1
BRDA:48,1,1,1
BRDA:56,2,0,1
BRDA:56,2,1,1
BRDA:63,3,0,3
BRDA:63,4,0,3
BRDA:63,5,0,3
BRDA:63,5,1,1
BRDA:63,6,0,4
BRDA:63,6,1,4
BRDA:65,7,0,1
BRDA:87,8,0,3
BRDA:87,8,1,2
BRDA:91,9,0,1
BRDA:91,9,1,2
BRDA:91,10,0,3
BRDA:91,10,1,3
BRDA:92,11,0,0
BRDA:92,11,1,3
BRDA:92,12,0,3
BRDA:92,12,1,3
BRDA:113,13,0,1
BRDA:113,13,1,1
BRDA:113,14,0,2
BRDA:113,14,1,2
BRF:27
BRH:25
end_of_record
TN:
SF:src/infrastructure/database/repositories/PrismaMentorProfileRepository.ts
FN:7,(anonymous_8)
FN:9,(anonymous_9)
FN:31,(anonymous_10)
FN:39,(anonymous_11)
FN:59,(anonymous_12)
FN:67,(anonymous_14)
FN:75,(anonymous_16)
FN:85,(anonymous_18)
FN:88,(anonymous_19)
FN:101,(anonymous_21)
FN:116,(anonymous_23)
FN:123,(anonymous_25)
FNF:12
FNH:12
FNDA:17,(anonymous_8)
FNDA:7,(anonymous_9)
FNDA:7,(anonymous_10)
FNDA:7,(anonymous_11)
FNDA:2,(anonymous_12)
FNDA:2,(anonymous_14)
FNDA:3,(anonymous_16)
FNDA:1,(anonymous_18)
FNDA:2,(anonymous_19)
FNDA:2,(anonymous_21)
FNDA:1,(anonymous_23)
FNDA:3,(anonymous_25)
DA:6,2
DA:7,17
DA:10,7
DA:31,7
DA:39,7
DA:52,17
DA:60,2
DA:64,2
DA:68,2
DA:72,2
DA:76,3
DA:77,3
DA:78,2
DA:81,3
DA:85,3
DA:90,2
DA:91,2
DA:92,2
DA:94,2
DA:98,2
DA:102,2
DA:103,2
DA:104,2
DA:105,1
DA:108,2
DA:113,2
DA:117,1
DA:124,3
DA:128,3
DA:130,2
DA:131,2
DA:132,2
DA:134,2
DA:136,2
LF:34
LH:34
BRDA:16,0,0,7
BRDA:16,0,1,0
BRDA:16,1,0,7
BRDA:16,1,1,7
BRDA:18,2,0,7
BRDA:18,2,1,0
BRDA:18,3,0,7
BRDA:18,3,1,7
BRDA:19,4,0,7
BRDA:19,4,1,0
BRDA:19,5,0,7
BRDA:19,5,1,7
BRDA:19,6,0,7
BRDA:19,6,1,0
BRDA:19,7,0,7
BRDA:19,7,1,7
BRDA:23,8,0,7
BRDA:23,8,1,0
BRDA:31,9,0,0
BRDA:31,9,1,7
BRDA:31,10,0,7
BRDA:31,10,1,7
BRDA:34,11,0,7
BRDA:34,11,1,0
BRDA:34,12,0,7
BRDA:34,12,1,7
BRDA:34,13,0,0
BRDA:34,13,1,7
BRDA:34,14,0,7
BRDA:34,14,1,7
BRDA:35,15,0,7
BRDA:35,15,1,0
BRDA:35,16,0,7
BRDA:35,16,1,7
BRDA:35,17,0,0
BRDA:35,17,1,7
BRDA:35,18,0,7
BRDA:35,18,1,7
BRDA:36,19,0,0
BRDA:36,19,1,7
BRDA:36,20,0,7
BRDA:36,20,1,0
BRDA:36,21,0,0
BRDA:36,21,1,7
BRDA:36,22,0,7
BRDA:36,22,1,7
BRDA:39,23,0,0
BRDA:39,23,1,7
BRDA:39,24,0,7
BRDA:39,24,1,7
BRDA:46,25,0,7
BRDA:46,25,1,0
BRDA:46,26,0,7
BRDA:46,26,1,7
BRDA:47,27,0,7
BRDA:47,27,1,0
BRDA:47,28,0,7
BRDA:47,28,1,7
BRDA:48,29,0,7
BRDA:48,29,1,0
BRDA:48,30,0,7
BRDA:48,30,1,7
BRDA:64,31,0,1
BRDA:64,31,1,1
BRDA:72,32,0,1
BRDA:72,32,1,1
BRDA:77,33,0,2
BRDA:77,34,0,1
BRDA:77,34,1,2
BRDA:77,35,0,3
BRDA:77,35,1,3
BRDA:92,36,0,1
BRDA:104,37,0,1
BRDA:128,38,0,1
BRDA:130,39,0,2
BRDA:130,39,1,0
BRDA:130,40,0,2
BRDA:130,40,1,2
BRDA:131,41,0,1
BRDA:131,41,1,1
BRDA:131,42,0,2
BRDA:131,42,1,1
BRF:82
BRH:64
end_of_record
TN:
SF:src/infrastructure/database/repositories/PrismaPaymentSessionRepositories.ts
FN:3,(anonymous_0)
FN:4,(anonymous_1)
FNF:2
FNH:0
FNDA:0,(anonymous_0)
FNDA:0,(anonymous_1)
DA:3,0
DA:4,0
LF:2
LH:0
BRF:0
BRH:0
end_of_record
TN:
SF:src/infrastructure/database/repositories/PrismaReportRepository.ts
FN:12,(anonymous_7)
FN:14,(anonymous_8)
FN:36,(anonymous_9)
FN:47,(anonymous_11)
FN:66,(anonymous_13)
FN:69,(anonymous_14)
FN:88,(anonymous_16)
FNF:7
FNH:7
FNDA:14,(anonymous_7)
FNDA:8,(anonymous_8)
FNDA:2,(anonymous_9)
FNDA:5,(anonymous_11)
FNDA:2,(anonymous_13)
FNDA:3,(anonymous_14)
FNDA:2,(anonymous_16)
DA:11,2
DA:12,14
DA:15,8
DA:37,2
DA:44,2
DA:48,5
DA:49,5
DA:50,5
DA:52,5
DA:66,5
DA:70,3
DA:85,3
DA:94,2
DA:107,2
LF:14
LH:14
BRDA:27,0,0,8
BRDA:27,0,1,0
BRDA:30,1,0,8
BRDA:30,1,1,0
BRDA:44,2,0,1
BRDA:44,2,1,1
BRDA:48,3,0,4
BRDA:48,4,0,4
BRDA:48,5,0,3
BRDA:48,5,1,2
BRDA:48,6,0,5
BRDA:48,6,1,5
BRDA:50,7,0,1
BRDA:75,8,0,1
BRDA:75,8,1,2
BRDA:75,9,0,3
BRDA:75,9,1,3
BRDA:100,10,0,1
BRDA:100,10,1,1
BRDA:100,11,0,2
BRDA:100,11,1,2
BRF:21
BRH:19
end_of_record
TN:
SF:src/infrastructure/database/repositories/PrismaSystemConfigRepository.ts
FN:13,(anonymous_7)
FN:15,(anonymous_8)
FN:26,(anonymous_9)
FN:31,(anonymous_11)
FN:38,(anonymous_13)
FN:42,(anonymous_15)
FN:45,(anonymous_16)
FN:53,(anonymous_18)
FN:58,(anonymous_20)
FNF:9
FNH:9
FNDA:13,(anonymous_7)
FNDA:1,(anonymous_8)
FNDA:5,(anonymous_9)
FNDA:3,(anonymous_11)
FNDA:2,(anonymous_13)
FNDA:1,(anonymous_15)
FNDA:2,(anonymous_16)
FNDA:2,(anonymous_18)
FNDA:2,(anonymous_20)
DA:8,2
DA:12,2
DA:13,13
DA:16,1
DA:27,5
DA:28,5
DA:32,3
DA:33,3
DA:34,2
DA:35,2
DA:39,2
DA:42,2
DA:46,2
DA:57,2
DA:59,2
LF:15
LH:15
BRDA:28,0,0,3
BRDA:28,0,1,2
BRDA:28,1,0,5
BRDA:28,1,1,5
BRDA:28,2,0,2
BRDA:28,2,1,3
BRDA:28,3,0,5
BRDA:28,3,1,3
BRDA:33,4,0,1
BRDA:35,5,0,1
BRDA:35,5,1,1
BRDA:48,6,0,1
BRDA:48,6,1,1
BRDA:48,7,0,2
BRDA:48,7,1,2
BRDA:49,8,0,1
BRDA:49,8,1,1
BRDA:49,9,0,2
BRDA:49,9,1,2
BRDA:61,10,0,2
BRDA:61,10,1,0
BRDA:61,11,0,2
BRDA:61,11,1,2
BRDA:62,12,0,2
BRDA:62,12,1,0
BRDA:62,13,0,2
BRDA:62,13,1,2
BRF:27
BRH:25
end_of_record
TN:
SF:src/infrastructure/database/repositories/PrismaUserRepository.ts
FN:16,(anonymous_7)
FN:20,(anonymous_8)
FN:45,(anonymous_9)
FN:49,(anonymous_10)
FN:55,(anonymous_11)
FN:60,(anonymous_13)
FN:67,(anonymous_15)
FN:67,(anonymous_16)
FN:95,(anonymous_17)
FN:98,(anonymous_18)
FN:98,(anonymous_19)
FN:106,(anonymous_20)
FN:135,(anonymous_22)
FN:144,(anonymous_24)
FN:166,(anonymous_26)
FN:200,(anonymous_28)
FN:213,(anonymous_30)
FN:217,(anonymous_32)
FN:224,(anonymous_34)
FN:233,(anonymous_36)
FNF:20
FNH:20
FNDA:27,(anonymous_7)
FNDA:5,(anonymous_8)
FNDA:5,(anonymous_9)
FNDA:5,(anonymous_10)
FNDA:2,(anonymous_11)
FNDA:2,(anonymous_13)
FNDA:6,(anonymous_15)
FNDA:6,(anonymous_16)
FNDA:1,(anonymous_17)
FNDA:2,(anonymous_18)
FNDA:2,(anonymous_19)
FNDA:1,(anonymous_20)
FNDA:2,(anonymous_22)
FNDA:1,(anonymous_24)
FNDA:2,(anonymous_26)
FNDA:2,(anonymous_28)
FNDA:1,(anonymous_30)
FNDA:1,(anonymous_32)
FNDA:1,(anonymous_34)
FNDA:2,(anonymous_36)
DA:7,2
DA:8,2
DA:9,2
DA:10,2
DA:15,2
DA:16,27
DA:21,5
DA:46,5
DA:50,5
DA:56,2
DA:57,2
DA:61,2
DA:64,2
DA:67,6
DA:68,6
DA:70,6
DA:71,5
DA:73,6
DA:74,1
DA:76,6
DA:77,1
DA:79,6
DA:81,1
DA:82,1
DA:88,6
DA:95,6
DA:98,2
DA:99,2
DA:100,2
DA:101,2
DA:102,2
DA:103,2
DA:108,1
DA:119,1
DA:136,2
DA:139,2
DA:145,1
DA:163,1
DA:168,2
DA:190,2
DA:191,1
DA:196,1
DA:197,1
DA:201,2
DA:214,1
DA:218,1
DA:225,1
DA:242,2
LF:48
LH:48
BRDA:57,0,0,1
BRDA:57,0,1,1
BRDA:64,1,0,1
BRDA:64,1,1,1
BRDA:67,2,0,1
BRDA:70,3,0,5
BRDA:73,4,0,1
BRDA:76,5,0,1
BRDA:79,6,0,1
BRDA:98,7,0,1
BRDA:100,8,0,2
BRDA:101,9,0,1
BRDA:102,10,0,1
BRDA:190,11,0,1
BRDA:206,12,0,1
BRDA:206,12,1,1
BRDA:206,13,0,2
BRDA:206,13,1,2
BRDA:208,14,0,1
BRDA:208,14,1,1
BRDA:208,15,0,2
BRDA:208,15,1,2
BRDA:246,16,0,1
BRDA:246,16,1,1
BRDA:247,17,0,1
BRDA:247,17,1,1
BRDA:248,18,0,1
BRDA:248,18,1,1
BRDA:248,19,0,2
BRDA:248,19,1,2
BRDA:249,20,0,1
BRDA:249,20,1,1
BRDA:249,21,0,2
BRDA:249,21,1,2
BRDA:250,22,0,1
BRDA:250,22,1,1
BRDA:250,23,0,2
BRDA:250,23,1,2
BRF:38
BRH:38
end_of_record
TN:
SF:src/infrastructure/database/repositories/payment/PrismaPaymentRepository.ts
FN:12,(anonymous_7)
FN:14,(anonymous_8)
FN:22,(anonymous_9)
FN:27,(anonymous_11)
FN:32,(anonymous_13)
FN:36,(anonymous_15)
FN:39,(anonymous_16)
FN:39,(anonymous_17)
FN:45,(anonymous_18)
FN:48,(anonymous_19)
FN:68,(anonymous_21)
FN:94,(anonymous_23)
FN:104,(anonymous_25)
FNF:13
FNH:13
FNDA:16,(anonymous_7)
FNDA:7,(anonymous_8)
FNDA:2,(anonymous_9)
FNDA:2,(anonymous_11)
FNDA:2,(anonymous_13)
FNDA:1,(anonymous_15)
FNDA:2,(anonymous_16)
FNDA:2,(anonymous_17)
FNDA:1,(anonymous_18)
FNDA:1,(anonymous_19)
FNDA:2,(anonymous_21)
FNDA:1,(anonymous_23)
FNDA:2,(anonymous_25)
DA:7,2
DA:11,2
DA:12,16
DA:15,7
DA:23,2
DA:24,2
DA:28,2
DA:29,2
DA:33,2
DA:34,2
DA:35,2
DA:36,2
DA:39,2
DA:40,2
DA:45,2
DA:49,1
DA:65,1
DA:78,2
DA:91,2
DA:95,1
DA:110,2
LF:21
LH:21
BRDA:24,0,0,1
BRDA:24,0,1,1
BRDA:29,1,0,1
BRDA:29,1,1,1
BRDA:34,2,0,1
BRDA:39,3,0,1
BRDA:82,4,0,1
BRDA:82,4,1,1
BRDA:82,5,0,2
BRDA:82,5,1,2
BRDA:83,6,0,1
BRDA:83,6,1,1
BRDA:83,7,0,2
BRDA:83,7,1,2
BRDA:84,8,0,1
BRDA:84,8,1,1
BRDA:84,9,0,2
BRDA:84,9,1,2
BRDA:85,10,0,1
BRDA:85,10,1,1
BRDA:85,11,0,2
BRDA:85,11,1,2
BRDA:86,12,0,1
BRDA:86,12,1,1
BRF:24
BRH:24
end_of_record
TN:
SF:src/infrastructure/database/repositories/session/PrismaSessionRepository.ts
FN:16,(anonymous_7)
FN:18,(anonymous_8)
FN:25,(anonymous_9)
FN:30,(anonymous_11)
FN:30,(anonymous_12)
FN:36,(anonymous_13)
FN:39,(anonymous_14)
FN:39,(anonymous_15)
FN:45,(anonymous_16)
FN:48,(anonymous_17)
FN:57,(anonymous_19)
FN:60,(anonymous_20)
FN:67,(anonymous_22)
FN:74,(anonymous_24)
FN:77,(anonymous_25)
FN:86,(anonymous_27)
FN:106,(anonymous_29)
FN:120,(anonymous_31)
FN:142,(anonymous_33)
FN:176,(anonymous_35)
FN:199,(anonymous_37)
FN:212,(anonymous_39)
FN:212,(anonymous_40)
FN:228,(anonymous_41)
FN:234,(anonymous_42)
FN:235,(anonymous_43)
FN:246,(anonymous_44)
FN:246,(anonymous_45)
FN:262,(anonymous_46)
FN:268,(anonymous_47)
FN:269,(anonymous_48)
FN:280,(anonymous_49)
FN:292,(anonymous_51)
FN:293,(anonymous_52)
FN:305,(anonymous_53)
FN:321,(anonymous_55)
FN:322,(anonymous_56)
FN:323,(anonymous_57)
FNF:38
FNH:38
FNDA:32,(anonymous_7)
FNDA:14,(anonymous_8)
FNDA:2,(anonymous_9)
FNDA:2,(anonymous_11)
FNDA:2,(anonymous_12)
FNDA:1,(anonymous_13)
FNDA:1,(anonymous_14)
FNDA:1,(anonymous_15)
FNDA:1,(anonymous_16)
FNDA:1,(anonymous_17)
FNDA:1,(anonymous_19)
FNDA:2,(anonymous_20)
FNDA:1,(anonymous_22)
FNDA:1,(anonymous_24)
FNDA:1,(anonymous_25)
FNDA:4,(anonymous_27)
FNDA:2,(anonymous_29)
FNDA:1,(anonymous_31)
FNDA:3,(anonymous_33)
FNDA:2,(anonymous_35)
FNDA:1,(anonymous_37)
FNDA:2,(anonymous_39)
FNDA:2,(anonymous_40)
FNDA:2,(anonymous_41)
FNDA:2,(anonymous_42)
FNDA:1,(anonymous_43)
FNDA:1,(anonymous_44)
FNDA:1,(anonymous_45)
FNDA:1,(anonymous_46)
FNDA:1,(anonymous_47)
FNDA:1,(anonymous_48)
FNDA:2,(anonymous_49)
FNDA:2,(anonymous_51)
FNDA:2,(anonymous_52)
FNDA:2,(anonymous_53)
FNDA:3,(anonymous_55)
FNDA:3,(anonymous_56)
FNDA:3,(anonymous_57)
DA:15,2
DA:16,32
DA:19,14
DA:26,2
DA:27,2
DA:30,2
DA:31,2
DA:36,2
DA:39,1
DA:40,1
DA:45,1
DA:49,1
DA:57,1
DA:61,2
DA:64,2
DA:68,1
DA:74,1
DA:78,1
DA:92,4
DA:93,4
DA:103,4
DA:107,2
DA:117,2
DA:121,1
DA:122,1
DA:139,1
DA:156,3
DA:173,3
DA:181,2
DA:185,2
DA:186,1
DA:187,1
DA:189,1
DA:192,2
DA:196,2
DA:200,1
DA:209,1
DA:212,2
DA:213,2
DA:214,2
DA:216,2
DA:228,2
DA:229,2
DA:234,2
DA:235,2
DA:236,2
DA:246,1
DA:247,1
DA:248,1
DA:250,1
DA:262,1
DA:263,1
DA:268,1
DA:269,1
DA:270,1
DA:281,2
DA:292,2
DA:293,2
DA:295,2
DA:306,2
DA:321,3
DA:322,3
DA:323,3
DA:325,2
LF:64
LH:64
BRDA:27,0,0,1
BRDA:27,0,1,1
BRDA:30,1,0,1
BRDA:39,2,0,1
BRDA:64,3,0,1
BRDA:64,3,1,1
BRDA:96,4,0,1
BRDA:96,4,1,3
BRDA:103,5,0,1
BRDA:103,5,1,3
BRDA:160,6,0,1
BRDA:160,6,1,2
BRDA:160,7,0,3
BRDA:160,7,1,3
BRDA:161,8,0,1
BRDA:161,8,1,2
BRDA:161,9,0,3
BRDA:161,9,1,3
BRDA:162,10,0,1
BRDA:162,10,1,2
BRDA:162,11,0,3
BRDA:162,11,1,3
BRDA:163,12,0,1
BRDA:163,12,1,2
BRDA:163,13,0,3
BRDA:163,13,1,3
BRDA:164,14,0,1
BRDA:164,14,1,2
BRDA:164,15,0,3
BRDA:164,15,1,3
BRDA:165,16,0,1
BRDA:165,16,1,2
BRDA:165,17,0,1
BRDA:165,17,1,2
BRDA:165,18,0,3
BRDA:165,18,1,3
BRDA:166,19,0,1
BRDA:166,19,1,2
BRDA:166,20,0,3
BRDA:166,20,1,3
BRDA:167,21,0,1
BRDA:167,21,1,2
BRDA:167,22,0,3
BRDA:167,22,1,3
BRDA:168,23,0,1
BRDA:168,23,1,2
BRDA:168,24,0,3
BRDA:168,24,1,3
BRDA:185,25,0,1
BRDA:185,25,1,1
BRDA:187,26,0,1
BRDA:187,27,0,0
BRDA:187,27,1,1
BRDA:187,28,0,1
BRDA:187,28,1,1
BRDA:212,29,0,2
BRDA:238,30,0,1
BRDA:238,30,1,1
BRDA:238,31,0,2
BRDA:238,31,1,2
BRDA:238,32,0,1
BRDA:238,32,1,1
BRDA:238,33,0,2
BRDA:238,33,1,2
BRDA:239,34,0,0
BRDA:239,34,1,2
BRDA:239,35,0,2
BRDA:239,35,1,1
BRDA:239,36,0,1
BRDA:239,36,1,1
BRDA:239,37,0,2
BRDA:239,37,1,2
BRDA:241,38,0,1
BRDA:241,38,1,1
BRDA:241,39,0,2
BRDA:241,39,1,1
BRDA:246,40,0,1
BRDA:272,41,0,1
BRDA:272,41,1,0
BRDA:272,42,0,1
BRDA:272,42,1,1
BRDA:272,43,0,0
BRDA:272,43,1,1
BRDA:272,44,0,1
BRDA:272,44,1,1
BRDA:273,45,0,0
BRDA:273,45,1,1
BRDA:273,46,0,1
BRDA:273,46,1,0
BRDA:273,47,0,0
BRDA:273,47,1,1
BRDA:273,48,0,1
BRDA:273,48,1,1
BRDA:275,49,0,1
BRDA:275,49,1,0
BRDA:275,50,0,1
BRDA:275,50,1,1
BRDA:300,51,0,1
BRDA:300,51,1,1
BRDA:300,52,0,2
BRDA:300,52,1,2
BRDA:300,53,0,1
BRDA:300,53,1,1
BRDA:300,54,0,2
BRDA:300,54,1,2
BRDA:300,55,0,1
BRDA:300,55,1,1
BRDA:300,56,0,2
BRDA:300,56,1,1
BRDA:301,57,0,1
BRDA:301,57,1,1
BRDA:301,58,0,2
BRDA:301,58,1,2
BRDA:301,59,0,1
BRDA:301,59,1,1
BRDA:301,60,0,2
BRDA:301,60,1,1
BRDA:330,61,0,1
BRDA:330,61,1,1
BRDA:330,62,0,2
BRDA:330,62,1,2
BRDA:330,63,0,1
BRDA:330,63,1,1
BRDA:330,64,0,2
BRDA:330,64,1,1
BRDA:331,65,0,1
BRDA:331,65,1,1
BRDA:331,66,0,2
BRDA:331,66,1,2
BRDA:331,67,0,1
BRDA:331,67,1,1
BRDA:331,68,0,2
BRDA:331,68,1,1
BRDA:332,69,0,1
BRDA:332,69,1,1
BRDA:332,70,0,2
BRDA:332,70,1,2
BRDA:332,71,0,1
BRDA:332,71,1,1
BRDA:332,72,0,2
BRDA:332,72,1,1
BRF:141
BRH:133
end_of_record
TN:
SF:src/infrastructure/database/repositories/teaching-field/PrismaTeachingFieldRepository.ts
FN:10,(anonymous_7)
FN:12,(anonymous_8)
FN:19,(anonymous_10)
FN:25,(anonymous_12)
FN:30,(anonymous_14)
FN:33,(anonymous_15)
FN:39,(anonymous_17)
FN:46,(anonymous_19)
FN:53,(anonymous_21)
FN:62,(anonymous_23)
FNF:10
FNH:10
FNDA:12,(anonymous_7)
FNDA:1,(anonymous_8)
FNDA:2,(anonymous_10)
FNDA:2,(anonymous_12)
FNDA:1,(anonymous_14)
FNDA:1,(anonymous_15)
FNDA:1,(anonymous_17)
FNDA:1,(anonymous_19)
FNDA:2,(anonymous_21)
FNDA:2,(anonymous_23)
DA:9,2
DA:10,12
DA:13,1
DA:20,2
DA:26,2
DA:30,2
DA:34,1
DA:40,1
DA:47,1
DA:55,2
DA:60,2
DA:61,1
DA:62,2
LF:13
LH:13
BRDA:60,0,0,1
BRF:1
BRH:1
end_of_record
TN:
SF:src/infrastructure/external/GoogleMeetService.ts
FN:14,generateMeetId
FN:16,(anonymous_8)
FN:17,(anonymous_9)
FN:34,(anonymous_10)
FNF:4
FNH:4
FNDA:35,generateMeetId
FNDA:105,(anonymous_8)
FNDA:350,(anonymous_9)
FNDA:35,(anonymous_10)
DA:15,35
DA:16,35
DA:17,105
DA:18,350
DA:21,35
DA:24,1
DA:35,35
DA:36,35
DA:44,35
DA:48,1
LF:10
LH:10
BRF:0
BRH:0
end_of_record
TN:
SF:src/infrastructure/external/ThienNguyenAppClient.ts
FN:41,toVNDateString
FN:47,parseVNTime
FN:62,(anonymous_9)
FN:63,(anonymous_10)
FN:99,(anonymous_11)
FN:132,(anonymous_13)
FNF:6
FNH:6
FNDA:20,toVNDateString
FNDA:3,parseVNTime
FNDA:4,(anonymous_9)
FNDA:4,(anonymous_10)
FNDA:6,(anonymous_11)
FNDA:8,(anonymous_13)
DA:43,20
DA:44,20
DA:50,3
DA:55,1
DA:57,1
DA:63,4
DA:68,4
DA:69,4
DA:72,4
DA:75,4
DA:76,4
DA:81,3
DA:82,1
DA:83,1
DA:86,2
DA:88,1
DA:89,1
DA:105,6
DA:106,6
DA:107,6
DA:110,6
DA:116,6
DA:117,6
DA:122,5
DA:123,0
DA:126,5
DA:128,5
DA:131,5
DA:133,8
DA:138,5
DA:140,3
DA:141,3
DA:142,3
DA:146,2
DA:148,1
DA:158,1
LF:36
LH:35
BRDA:66,0,0,4
BRDA:81,1,0,1
BRDA:122,2,0,0
BRDA:133,3,0,8
BRDA:133,3,1,8
BRDA:133,3,2,4
BRDA:138,4,0,3
BRDA:141,5,0,3
BRDA:152,6,0,1
BRDA:152,6,1,0
BRF:10
BRH:8
end_of_record
TN:
SF:src/infrastructure/unit-of-work/PrismaUnitOfWork.ts
FN:33,(anonymous_7)
FN:35,(anonymous_8)
FN:40,(anonymous_9)
FN:45,(anonymous_10)
FN:50,(anonymous_11)
FN:55,(anonymous_12)
FN:60,(anonymous_13)
FN:65,(anonymous_14)
FN:70,(anonymous_15)
FN:75,(anonymous_16)
FN:80,(anonymous_17)
FN:80,(anonymous_18)
FN:81,(anonymous_19)
FN:81,(anonymous_20)
FN:82,(anonymous_21)
FN:82,(anonymous_22)
FN:84,(anonymous_23)
FN:85,(anonymous_25)
FN:85,(anonymous_26)
FN:102,(anonymous_27)
FN:104,(anonymous_28)
FN:109,(anonymous_29)
FN:114,(anonymous_30)
FN:119,(anonymous_31)
FN:124,(anonymous_32)
FN:129,(anonymous_33)
FN:134,(anonymous_34)
FN:139,(anonymous_35)
FN:144,(anonymous_36)
FN:149,(anonymous_37)
FN:149,(anonymous_38)
FN:150,(anonymous_39)
FN:150,(anonymous_40)
FN:151,(anonymous_41)
FN:151,(anonymous_42)
FN:152,(anonymous_43)
FNF:36
FNH:36
FNDA:15,(anonymous_7)
FNDA:2,(anonymous_8)
FNDA:3,(anonymous_9)
FNDA:1,(anonymous_10)
FNDA:1,(anonymous_11)
FNDA:1,(anonymous_12)
FNDA:1,(anonymous_13)
FNDA:1,(anonymous_14)
FNDA:1,(anonymous_15)
FNDA:1,(anonymous_16)
FNDA:1,(anonymous_17)
FNDA:1,(anonymous_18)
FNDA:1,(anonymous_19)
FNDA:1,(anonymous_20)
FNDA:1,(anonymous_21)
FNDA:1,(anonymous_22)
FNDA:3,(anonymous_23)
FNDA:3,(anonymous_25)
FNDA:3,(anonymous_26)
FNDA:3,(anonymous_27)
FNDA:1,(anonymous_28)
FNDA:1,(anonymous_29)
FNDA:1,(anonymous_30)
FNDA:1,(anonymous_31)
FNDA:1,(anonymous_32)
FNDA:1,(anonymous_33)
FNDA:1,(anonymous_34)
FNDA:1,(anonymous_35)
FNDA:1,(anonymous_36)
FNDA:1,(anonymous_37)
FNDA:1,(anonymous_38)
FNDA:1,(anonymous_39)
FNDA:1,(anonymous_40)
FNDA:1,(anonymous_41)
FNDA:1,(anonymous_42)
FNDA:1,(anonymous_43)
DA:12,1
DA:13,1
DA:14,1
DA:15,1
DA:16,1
DA:17,1
DA:18,1
DA:19,1
DA:20,1
DA:22,1
DA:23,15
DA:24,15
DA:25,15
DA:26,15
DA:27,15
DA:28,15
DA:29,15
DA:30,15
DA:31,15
DA:33,15
DA:36,2
DA:37,2
DA:41,3
DA:42,3
DA:46,1
DA:47,1
DA:51,1
DA:52,1
DA:56,1
DA:57,1
DA:61,1
DA:62,1
DA:66,1
DA:67,1
DA:71,1
DA:72,1
DA:76,1
DA:77,1
DA:80,1
DA:81,1
DA:82,1
DA:85,3
DA:86,3
DA:92,3
DA:93,3
DA:94,3
DA:95,3
DA:96,3
DA:97,3
DA:98,3
DA:99,3
DA:100,3
DA:102,3
DA:105,1
DA:106,1
DA:110,1
DA:111,1
DA:115,1
DA:116,1
DA:120,1
DA:121,1
DA:125,1
DA:126,1
DA:130,1
DA:131,1
DA:135,1
DA:136,1
DA:140,1
DA:141,1
DA:145,1
DA:146,1
DA:149,1
DA:150,1
DA:151,1
DA:153,1
LF:75
LH:75
BRDA:36,0,0,1
BRDA:41,1,0,1
BRDA:46,2,0,1
BRDA:51,3,0,1
BRDA:56,4,0,1
BRDA:61,5,0,1
BRDA:66,6,0,1
BRDA:71,7,0,1
BRDA:76,8,0,1
BRDA:105,9,0,1
BRDA:110,10,0,1
BRDA:115,11,0,1
BRDA:120,12,0,1
BRDA:125,13,0,1
BRDA:130,14,0,1
BRDA:135,15,0,1
BRDA:140,16,0,1
BRDA:145,17,0,1
BRF:18
BRH:18
end_of_record
